<?xml version="1.0" encoding="UTF-8"?>
<!-- Generated by org.testng.reporters.JUnitXMLReporter -->
<testsuite ignored="0" hostname="DESKTOP-QQAAP4D" failures="0" tests="4" name="Surefire test" time="0.092" errors="0" timestamp="2020-04-21T21:10:48 IST">
  <testcase classname="qaclickAcademy.MavenJava.RestAPITest" name="deleteTwitter" time="0.014"/>
  <testcase classname="qaclickAcademy.MavenJava.RestAPITest" name="postJira" time="0.001"/>
  <testcase classname="qaclickAcademy.MavenJava.SeleniumTest" name="browserAutomation" time="0.001"/>
  <testcase classname="qaclickAcademy.MavenJava.SeleniumTest" name="elementsUi" time="0.001"/>
</testsuite> <!-- Surefire test -->
