<?xml version="1.0" encoding="UTF-8"?>
<testng-results ignored="0" total="4" passed="4" failed="0" skipped="0">
  <reporter-output>
  </reporter-output>
  <suite started-at="2020-04-21T21:10:47 IST" name="Surefire suite" finished-at="2020-04-21T21:10:47 IST" duration-ms="92">
    <groups>
    </groups>
    <test started-at="2020-04-21T21:10:47 IST" name="Surefire test" finished-at="2020-04-21T21:10:47 IST" duration-ms="92">
      <class name="qaclickAcademy.MavenJava.RestAPITest">
        <test-method signature="deleteTwitter()[pri:0, instance:qaclickAcademy.MavenJava.RestAPITest@33cb5951]" started-at="2020-04-21T21:10:47 IST" name="deleteTwitter" finished-at="2020-04-21T21:10:47 IST" duration-ms="14" status="PASS">
          <reporter-output>
          </reporter-output>
        </test-method> <!-- deleteTwitter -->
        <test-method signature="postJira()[pri:0, instance:qaclickAcademy.MavenJava.RestAPITest@33cb5951]" started-at="2020-04-21T21:10:47 IST" name="postJira" finished-at="2020-04-21T21:10:47 IST" duration-ms="1" status="PASS">
          <reporter-output>
          </reporter-output>
        </test-method> <!-- postJira -->
      </class> <!-- qaclickAcademy.MavenJava.RestAPITest -->
      <class name="qaclickAcademy.MavenJava.SeleniumTest">
        <test-method signature="browserAutomation()[pri:0, instance:qaclickAcademy.MavenJava.SeleniumTest@365c30cc]" started-at="2020-04-21T21:10:47 IST" name="browserAutomation" finished-at="2020-04-21T21:10:47 IST" duration-ms="1" status="PASS">
          <reporter-output>
          </reporter-output>
        </test-method> <!-- browserAutomation -->
        <test-method signature="elementsUi()[pri:0, instance:qaclickAcademy.MavenJava.SeleniumTest@365c30cc]" started-at="2020-04-21T21:10:47 IST" name="elementsUi" finished-at="2020-04-21T21:10:47 IST" duration-ms="1" status="PASS">
          <reporter-output>
          </reporter-output>
        </test-method> <!-- elementsUi -->
      </class> <!-- qaclickAcademy.MavenJava.SeleniumTest -->
    </test> <!-- Surefire test -->
  </suite> <!-- Surefire suite -->
</testng-results>
