<?xml version="1.0" encoding="UTF-8"?>
<!-- Generated by org.testng.reporters.JUnitXMLReporter -->
<testsuite ignored="0" hostname="DESKTOP-QQAAP4D" failures="0" tests="6" name="Test" time="0.072" errors="0" timestamp="2020-04-24T12:30:56 IST">
  <testcase classname="qaclickAcademy.MavenJava.RestAPITest" name="deleteTwitter" time="0.004"/>
  <testcase classname="qaclickAcademy.MavenJava.RestAPITest" name="postJira" time="0.0"/>
  <testcase classname="qaclickAcademy.MavenJava.SeleniumTest" name="browserAutomation" time="0.0"/>
  <testcase classname="qaclickAcademy.MavenJava.SeleniumTest" name="elementsUi" time="0.0"/>
  <testcase classname="qaclickAcademy.MavenJava.AppiumTest" name="android" time="0.0"/>
  <testcase classname="qaclickAcademy.MavenJava.AppiumTest" name="ios" time="0.0"/>
</testsuite> <!-- Test -->
