<?xml version="1.0" encoding="UTF-8"?>
<testng-results ignored="0" total="6" passed="6" failed="0" skipped="0">
  <reporter-output>
  </reporter-output>
  <suite started-at="2020-04-24T12:30:56 IST" name="Suite" finished-at="2020-04-24T12:30:56 IST" duration-ms="72">
    <groups>
    </groups>
    <test started-at="2020-04-24T12:30:56 IST" name="Test" finished-at="2020-04-24T12:30:56 IST" duration-ms="72">
      <class name="qaclickAcademy.MavenJava.AppiumTest">
        <test-method signature="ios()[pri:0, instance:qaclickAcademy.MavenJava.AppiumTest@31f9b85e]" started-at="2020-04-24T12:30:56 IST" name="ios" finished-at="2020-04-24T12:30:56 IST" duration-ms="0" status="PASS">
          <reporter-output>
          </reporter-output>
        </test-method> <!-- ios -->
        <test-method signature="android()[pri:0, instance:qaclickAcademy.MavenJava.AppiumTest@31f9b85e]" started-at="2020-04-24T12:30:56 IST" name="android" finished-at="2020-04-24T12:30:56 IST" duration-ms="0" status="PASS">
          <reporter-output>
          </reporter-output>
        </test-method> <!-- android -->
      </class> <!-- qaclickAcademy.MavenJava.AppiumTest -->
      <class name="qaclickAcademy.MavenJava.RestAPITest">
        <test-method signature="deleteTwitter()[pri:0, instance:qaclickAcademy.MavenJava.RestAPITest@2d2ffcb7]" started-at="2020-04-24T12:30:56 IST" name="deleteTwitter" finished-at="2020-04-24T12:30:56 IST" duration-ms="4" status="PASS">
          <reporter-output>
          </reporter-output>
        </test-method> <!-- deleteTwitter -->
        <test-method signature="postJira()[pri:0, instance:qaclickAcademy.MavenJava.RestAPITest@2d2ffcb7]" started-at="2020-04-24T12:30:56 IST" name="postJira" finished-at="2020-04-24T12:30:56 IST" duration-ms="0" status="PASS">
          <reporter-output>
          </reporter-output>
        </test-method> <!-- postJira -->
      </class> <!-- qaclickAcademy.MavenJava.RestAPITest -->
      <class name="qaclickAcademy.MavenJava.SeleniumTest">
        <test-method signature="elementsUi()[pri:0, instance:qaclickAcademy.MavenJava.SeleniumTest@762ef0ea]" started-at="2020-04-24T12:30:56 IST" name="elementsUi" finished-at="2020-04-24T12:30:56 IST" duration-ms="0" status="PASS">
          <reporter-output>
          </reporter-output>
        </test-method> <!-- elementsUi -->
        <test-method signature="browserAutomation()[pri:0, instance:qaclickAcademy.MavenJava.SeleniumTest@762ef0ea]" started-at="2020-04-24T12:30:56 IST" name="browserAutomation" finished-at="2020-04-24T12:30:56 IST" duration-ms="0" status="PASS">
          <reporter-output>
          </reporter-output>
        </test-method> <!-- browserAutomation -->
      </class> <!-- qaclickAcademy.MavenJava.SeleniumTest -->
    </test> <!-- Test -->
  </suite> <!-- Suite -->
</testng-results>
